<?xml version="1.0" encoding="UTF-8"?>
<testng-results ignored="0" total="0" passed="0" failed="0" skipped="0">
  <reporter-output>
  </reporter-output>
  <suite started-at="2022-06-29T11:13:35 CEST" name="utility.TestBase" finished-at="2022-06-29T11:13:35 CEST" duration-ms="12">
    <groups>
    </groups>
    <test started-at="2022-06-29T11:13:35 CEST" name="Command line test" finished-at="2022-06-29T11:13:35 CEST" duration-ms="12">
    </test> <!-- Command line test -->
  </suite> <!-- utility.TestBase -->
</testng-results>
