<?xml version="1.0" encoding="UTF-8"?>
<testng-results ignored="0" total="2" passed="2" failed="0" skipped="0">
  <reporter-output>
  </reporter-output>
  <suite started-at="2022-06-29T12:04:34 CEST" name="Suite" finished-at="2022-06-29T12:04:57 CEST" duration-ms="22707">
    <groups>
    </groups>
    <test started-at="2022-06-29T12:04:34 CEST" name="Test" finished-at="2022-06-29T12:04:57 CEST" duration-ms="22707">
      <class name="tests.Pokemon">
        <test-method is-config="true" signature="launchApp()[pri:0, instance:tests.Pokemon@354fc8f0]" started-at="2022-06-29T12:04:56 CEST" name="launchApp" finished-at="2022-06-29T12:04:56 CEST" duration-ms="979" status="PASS">
          <reporter-output>
          </reporter-output>
        </test-method> <!-- launchApp -->
        <test-method signature="accessPokemonAPI()[pri:0, instance:tests.Pokemon@354fc8f0]" started-at="2022-06-29T12:04:56 CEST" name="accessPokemonAPI" finished-at="2022-06-29T12:04:57 CEST" duration-ms="40" status="PASS">
          <reporter-output>
          </reporter-output>
        </test-method> <!-- accessPokemonAPI -->
        <test-method is-config="true" signature="teardown()[pri:0, instance:tests.Pokemon@354fc8f0]" started-at="2022-06-29T12:04:57 CEST" name="teardown" finished-at="2022-06-29T12:04:57 CEST" duration-ms="126" status="PASS">
          <reporter-output>
          </reporter-output>
        </test-method> <!-- teardown -->
      </class> <!-- tests.Pokemon -->
      <class name="tests.MyPersonalInformation">
        <test-method is-config="true" signature="launchApp()[pri:0, instance:tests.MyPersonalInformation@1f2f9244]" started-at="2022-06-29T12:04:34 CEST" name="launchApp" finished-at="2022-06-29T12:04:37 CEST" duration-ms="2967" status="PASS">
          <reporter-output>
          </reporter-output>
        </test-method> <!-- launchApp -->
        <test-method signature="validateMyPersonalInformation()[pri:0, instance:tests.MyPersonalInformation@1f2f9244]" started-at="2022-06-29T12:04:37 CEST" name="validateMyPersonalInformation" finished-at="2022-06-29T12:04:55 CEST" duration-ms="18372" status="PASS">
          <reporter-output>
          </reporter-output>
        </test-method> <!-- validateMyPersonalInformation -->
        <test-method is-config="true" signature="teardown()[pri:0, instance:tests.MyPersonalInformation@1f2f9244]" started-at="2022-06-29T12:04:55 CEST" name="teardown" finished-at="2022-06-29T12:04:56 CEST" duration-ms="185" status="PASS">
          <reporter-output>
          </reporter-output>
        </test-method> <!-- teardown -->
      </class> <!-- tests.MyPersonalInformation -->
    </test> <!-- Test -->
  </suite> <!-- Suite -->
</testng-results>
